{"/Users/xuedongwang/project/leetcode/src/dailyTemperatures/index.js": {"path":"/Users/xuedongwang/project/leetcode/src/dailyTemperatures/index.js","statementMap":{"0":{"start":{"line":6,"column":26},"end":{"line":18,"column":1}},"1":{"start":{"line":7,"column":17},"end":{"line":7,"column":40}},"2":{"start":{"line":8,"column":16},"end":{"line":8,"column":18}},"3":{"start":{"line":9,"column":2},"end":{"line":16,"column":3}},"4":{"start":{"line":9,"column":15},"end":{"line":9,"column":16}},"5":{"start":{"line":10,"column":24},"end":{"line":10,"column":28}},"6":{"start":{"line":11,"column":4},"end":{"line":14,"column":5}},"7":{"start":{"line":12,"column":24},"end":{"line":12,"column":35}},"8":{"start":{"line":13,"column":6},"end":{"line":13,"column":40}},"9":{"start":{"line":15,"column":4},"end":{"line":15,"column":18}},"10":{"start":{"line":17,"column":2},"end":{"line":17,"column":16}},"11":{"start":{"line":20,"column":0},"end":{"line":20,"column":35}}},"fnMap":{"0":{"name":"(anonymous_0)","decl":{"start":{"line":6,"column":26},"end":{"line":6,"column":27}},"loc":{"start":{"line":6,"column":39},"end":{"line":18,"column":1}},"line":6}},"branchMap":{"0":{"loc":{"start":{"line":11,"column":11},"end":{"line":11,"column":71}},"type":"binary-expr","locations":[{"start":{"line":11,"column":11},"end":{"line":11,"column":27}},{"start":{"line":11,"column":31},"end":{"line":11,"column":71}}],"line":11}},"s":{"0":1,"1":1,"2":1,"3":1,"4":1,"5":8,"6":8,"7":6,"8":6,"9":8,"10":1,"11":1},"f":{"0":1},"b":{"0":[14,10]},"_coverageSchema":"43e27e138ebf9cfc5966b082cf9a028302ed4184","hash":"ed72aa755410d0c6c178f018c5ba6a3a7707c378"}
}
