TN:
SF:/Users/xuedongwang/project/leetcode/src/MinStack/index.js
FN:9,(anonymous_0)
FN:18,(anonymous_1)
FN:27,(anonymous_2)
FN:35,(anonymous_3)
FN:42,(anonymous_4)
FNF:5
FNH:5
FNDA:1,(anonymous_0)
FNDA:3,(anonymous_1)
FNDA:1,(anonymous_2)
FNDA:2,(anonymous_3)
FNDA:2,(anonymous_4)
DA:9,1
DA:10,1
DA:11,1
DA:18,1
DA:19,3
DA:20,3
DA:21,3
DA:27,1
DA:28,1
DA:29,1
DA:35,1
DA:36,2
DA:42,1
DA:43,2
DA:55,1
LF:15
LH:15
BRF:0
BRH:0
end_of_record
TN:
SF:/Users/xuedongwang/project/leetcode/src/ParkingSystem/index.js
FN:6,(anonymous_0)
FN:12,(anonymous_1)
FNF:2
FNH:2
FNDA:4,(anonymous_0)
FNDA:9,(anonymous_1)
DA:6,1
DA:7,4
DA:8,4
DA:9,4
DA:12,1
DA:13,9
DA:15,2
DA:16,2
DA:18,3
DA:19,3
DA:21,4
DA:22,4
DA:26,1
LF:13
LH:13
BRDA:13,0,0,2
BRDA:13,0,1,3
BRDA:13,0,2,4
BRF:3
BRH:3
end_of_record
TN:
SF:/Users/xuedongwang/project/leetcode/src/addBinary/index.js
FN:6,(anonymous_0)
FNF:1
FNH:1
FNDA:7,(anonymous_0)
DA:6,1
DA:7,7
DA:8,7
DA:9,7
DA:10,7
DA:11,7
DA:12,12
DA:13,12
DA:14,12
DA:15,11
DA:16,11
DA:18,12
DA:19,11
DA:20,11
DA:22,12
DA:23,12
DA:24,9
DA:25,9
DA:27,3
DA:30,12
DA:32,7
DA:33,4
DA:35,7
DA:38,1
LF:24
LH:24
BRDA:11,0,0,19
BRDA:11,0,1,8
BRDA:14,1,0,11
BRDA:14,1,1,1
BRDA:18,2,0,11
BRDA:18,2,1,1
BRDA:23,3,0,9
BRDA:23,3,1,3
BRDA:32,4,0,4
BRDA:32,4,1,3
BRF:10
BRH:10
end_of_record
TN:
SF:/Users/xuedongwang/project/leetcode/src/binarySearch/index.js
FN:6,(anonymous_0)
FNF:1
FNH:1
FNDA:4,(anonymous_0)
DA:6,1
DA:7,4
DA:8,4
DA:9,4
DA:10,10
DA:11,10
DA:12,5
DA:13,5
DA:14,2
DA:16,3
DA:19,1
DA:22,1
LF:12
LH:12
BRDA:11,0,0,5
BRDA:11,0,1,5
BRDA:13,1,0,2
BRDA:13,1,1,3
BRF:4
BRH:4
end_of_record
TN:
SF:/Users/xuedongwang/project/leetcode/src/bubbleSort/index.js
FN:7,swap
FN:13,(anonymous_1)
FNF:2
FNH:2
FNDA:3,swap
FNDA:2,(anonymous_1)
DA:8,3
DA:9,3
DA:10,3
DA:13,1
DA:14,2
DA:15,6
DA:16,6
DA:17,3
DA:21,2
DA:24,1
LF:10
LH:10
BRDA:16,0,0,3
BRDA:16,0,1,3
BRF:2
BRH:2
end_of_record
TN:
SF:/Users/xuedongwang/project/leetcode/src/containsDuplicate/index.js
FN:6,(anonymous_0)
FN:8,(anonymous_1)
FNF:2
FNH:2
FNDA:3,(anonymous_0)
FNDA:18,(anonymous_1)
DA:6,1
DA:7,3
DA:8,3
DA:9,18
DA:11,3
DA:14,1
LF:6
LH:6
BRF:0
BRH:0
end_of_record
TN:
SF:/Users/xuedongwang/project/leetcode/src/countConsistentStrings/index.js
FN:6,(anonymous_0)
FNF:1
FNH:1
FNDA:3,(anonymous_0)
DA:6,1
DA:7,3
DA:8,3
DA:9,20
DA:10,20
DA:11,38
DA:12,7
DA:13,7
DA:16,20
DA:17,13
DA:20,3
DA:23,1
LF:12
LH:12
BRDA:11,0,0,7
BRDA:11,0,1,31
BRDA:16,1,0,13
BRDA:16,1,1,7
BRF:4
BRH:4
end_of_record
TN:
SF:/Users/xuedongwang/project/leetcode/src/dailyTemperatures/index.js
FN:6,(anonymous_0)
FNF:1
FNH:1
FNDA:1,(anonymous_0)
DA:6,1
DA:7,1
DA:8,1
DA:9,1
DA:10,8
DA:11,8
DA:12,6
DA:13,6
DA:15,8
DA:17,1
DA:20,1
LF:11
LH:11
BRDA:11,0,0,14
BRDA:11,0,1,10
BRF:2
BRH:2
end_of_record
TN:
SF:/Users/xuedongwang/project/leetcode/src/deleteNode/index.js
FN:6,(anonymous_0)
FNF:1
FNH:1
FNDA:1,(anonymous_0)
DA:6,1
DA:7,1
DA:8,1
DA:10,1
LF:4
LH:4
BRF:0
BRH:0
end_of_record
TN:
SF:/Users/xuedongwang/project/leetcode/src/findKthLargest/index.js
FN:6,(anonymous_0)
FN:7,(anonymous_1)
FNF:2
FNH:2
FNDA:2,(anonymous_0)
FNDA:45,(anonymous_1)
DA:6,1
DA:7,45
DA:10,1
LF:3
LH:3
BRF:0
BRH:0
end_of_record
TN:
SF:/Users/xuedongwang/project/leetcode/src/findLeastNumOfUniqueInts/index.js
FN:6,(anonymous_0)
FN:8,(anonymous_1)
FN:14,(anonymous_2)
FNF:3
FNH:3
FNDA:3,(anonymous_0)
FNDA:11,(anonymous_1)
FNDA:7,(anonymous_2)
DA:6,1
DA:7,3
DA:8,3
DA:9,11
DA:10,7
DA:12,11
DA:14,7
DA:16,3
DA:18,3
DA:19,6
DA:20,6
DA:21,4
DA:22,4
DA:24,2
DA:27,1
DA:30,1
LF:16
LH:16
BRDA:9,0,0,7
BRDA:9,0,1,4
BRDA:20,1,0,4
BRDA:20,1,1,2
BRF:4
BRH:4
end_of_record
TN:
SF:/Users/xuedongwang/project/leetcode/src/firstUniqChar/index.js
FN:6,(anonymous_0)
FNF:1
FNH:1
FNDA:2,(anonymous_0)
DA:6,1
DA:7,2
DA:8,2
DA:9,20
DA:10,7
DA:12,13
DA:15,2
DA:16,4
DA:17,2
DA:22,1
LF:10
LH:10
BRDA:9,0,0,7
BRDA:9,0,1,13
BRDA:16,1,0,2
BRDA:16,1,1,2
BRF:4
BRH:4
end_of_record
TN:
SF:/Users/xuedongwang/project/leetcode/src/game/index.js
FN:6,(anonymous_0)
FN:8,(anonymous_1)
FNF:2
FNH:2
FNDA:2,(anonymous_0)
FNDA:6,(anonymous_1)
DA:6,1
DA:7,2
DA:8,2
DA:9,6
DA:10,4
DA:13,2
DA:16,1
LF:7
LH:7
BRDA:9,0,0,4
BRDA:9,0,1,2
BRF:2
BRH:2
end_of_record
TN:
SF:/Users/xuedongwang/project/leetcode/src/insertSort/index.js
FN:6,(anonymous_0)
FNF:1
FNH:1
FNDA:2,(anonymous_0)
DA:6,1
DA:7,2
DA:8,4
DA:9,4
DA:10,4
DA:11,3
DA:12,3
DA:14,4
DA:16,2
DA:19,1
LF:10
LH:10
BRDA:10,0,0,7
BRDA:10,0,1,5
BRF:2
BRH:2
end_of_record
TN:
SF:/Users/xuedongwang/project/leetcode/src/interpret/index.js
FN:6,(anonymous_0)
FNF:1
FNH:1
FNDA:3,(anonymous_0)
DA:6,1
DA:7,3
DA:12,3
DA:13,3
DA:14,3
DA:15,34
DA:16,34
DA:17,15
DA:18,15
DA:21,3
DA:24,1
LF:11
LH:11
BRDA:16,0,0,15
BRDA:16,0,1,19
BRF:2
BRH:2
end_of_record
TN:
SF:/Users/xuedongwang/project/leetcode/src/intersection/index.js
FN:6,(anonymous_0)
FN:12,func
FNF:2
FNH:2
FNDA:4,(anonymous_0)
FNDA:6,func
DA:6,1
DA:7,4
DA:8,4
DA:9,4
DA:13,6
DA:14,2
DA:16,4
DA:17,4
DA:18,8
DA:19,6
DA:22,4
DA:25,1
LF:12
LH:12
BRDA:13,0,0,2
BRDA:13,0,1,4
BRDA:18,1,0,6
BRDA:18,1,1,2
BRF:4
BRH:4
end_of_record
TN:
SF:/Users/xuedongwang/project/leetcode/src/isLongPressedName/index.js
FN:6,(anonymous_0)
FNF:1
FNH:1
FNDA:7,(anonymous_0)
DA:6,1
DA:7,7
DA:8,7
DA:9,7
DA:10,7
DA:11,7
DA:12,58
DA:13,37
DA:14,37
DA:15,21
DA:16,18
DA:18,3
DA:21,4
DA:24,1
LF:14
LH:14
BRDA:12,0,0,37
BRDA:12,0,1,21
BRDA:12,1,0,58
BRDA:12,1,1,58
BRDA:15,2,0,18
BRDA:15,2,1,3
BRDA:15,3,0,21
BRDA:15,3,1,21
BRF:8
BRH:8
end_of_record
TN:
SF:/Users/xuedongwang/project/leetcode/src/isPalindrome/index.js
FN:6,(anonymous_0)
FN:26,isLetterOrNumber
FNF:2
FNH:2
FNDA:25,(anonymous_0)
FNDA:41,isLetterOrNumber
DA:6,1
DA:7,25
DA:8,1
DA:10,24
DA:11,24
DA:12,24
DA:13,24
DA:14,7
DA:16,17
DA:17,3
DA:19,14
DA:20,1
DA:22,13
DA:27,41
DA:30,1
LF:15
LH:15
BRDA:7,0,0,1
BRDA:7,0,1,24
BRDA:7,1,0,25
BRDA:7,1,1,24
BRDA:13,2,0,7
BRDA:13,2,1,17
BRDA:16,3,0,3
BRDA:16,3,1,14
BRDA:19,4,0,1
BRDA:19,4,1,13
BRF:10
BRH:10
end_of_record
TN:
SF:/Users/xuedongwang/project/leetcode/src/kidsWithCandies/index.js
FN:6,(anonymous_0)
FN:8,(anonymous_1)
FNF:2
FNH:2
FNDA:3,(anonymous_0)
FNDA:13,(anonymous_1)
DA:6,1
DA:7,3
DA:8,13
DA:11,1
LF:4
LH:4
BRF:0
BRH:0
end_of_record
TN:
SF:/Users/xuedongwang/project/leetcode/src/lengthOfLongestSubstring/index.js
FN:7,(anonymous_0)
FNF:1
FNH:1
FNDA:5,(anonymous_0)
DA:7,1
DA:8,5
DA:9,5
DA:10,5
DA:11,5
DA:12,5
DA:13,29
DA:14,24
DA:17,29
DA:18,29
DA:19,29
DA:21,29
DA:23,5
DA:26,1
LF:14
LH:14
BRDA:13,0,0,24
BRDA:13,0,1,5
BRDA:17,1,0,58
BRDA:17,1,1,46
BRF:4
BRH:4
end_of_record
TN:
SF:/Users/xuedongwang/project/leetcode/src/maximumWealth/index.js
FN:6,(anonymous_0)
FN:7,(anonymous_1)
FN:7,(anonymous_2)
FNF:3
FNH:3
FNDA:3,(anonymous_0)
FNDA:8,(anonymous_1)
FNDA:21,(anonymous_2)
DA:6,1
DA:7,21
DA:10,1
LF:3
LH:3
BRF:0
BRH:0
end_of_record
TN:
SF:/Users/xuedongwang/project/leetcode/src/mergeSort/index.js
FN:6,(anonymous_0)
FN:27,(anonymous_1)
FNF:2
FNH:2
FNDA:8,(anonymous_0)
FNDA:19,(anonymous_1)
DA:6,1
DA:7,8
DA:8,8
DA:9,8
DA:10,8
DA:11,12
DA:12,2
DA:13,2
DA:15,10
DA:16,10
DA:19,8
DA:20,6
DA:22,2
DA:24,8
DA:27,1
DA:28,19
DA:29,11
DA:31,8
DA:32,8
DA:33,8
DA:34,8
DA:37,1
LF:22
LH:22
BRDA:10,0,0,20
BRDA:10,0,1,18
BRDA:11,1,0,2
BRDA:11,1,1,10
BRDA:19,2,0,6
BRDA:19,2,1,2
BRDA:28,3,0,11
BRDA:28,3,1,8
BRF:8
BRH:8
end_of_record
TN:
SF:/Users/xuedongwang/project/leetcode/src/moveZeroes/index.js
FN:6,(anonymous_0)
FNF:1
FNH:1
FNDA:1,(anonymous_0)
DA:6,1
DA:7,1
DA:8,1
DA:9,5
DA:10,2
DA:11,2
DA:13,5
DA:15,1
DA:18,1
LF:9
LH:9
BRDA:9,0,0,2
BRDA:9,0,1,3
BRF:2
BRH:2
end_of_record
TN:
SF:/Users/xuedongwang/project/leetcode/src/numIdenticalPairs/index.js
FN:6,(anonymous_0)
FNF:1
FNH:1
FNDA:3,(anonymous_0)
DA:6,1
DA:7,3
DA:8,3
DA:9,3
DA:10,13
DA:11,7
DA:13,13
DA:14,13
DA:16,3
DA:19,1
LF:10
LH:10
BRDA:10,0,0,7
BRDA:10,0,1,6
BRF:2
BRH:2
end_of_record
TN:
SF:/Users/xuedongwang/project/leetcode/src/numJewelsInStones/index.js
FN:6,(anonymous_0)
FNF:1
FNH:1
FNDA:2,(anonymous_0)
DA:6,1
DA:7,2
DA:8,2
DA:10,2
DA:11,3
DA:14,2
DA:15,9
DA:16,3
DA:20,2
DA:23,1
LF:10
LH:10
BRDA:15,0,0,3
BRDA:15,0,1,6
BRF:2
BRH:2
end_of_record
TN:
SF:/Users/xuedongwang/project/leetcode/src/plusOne/index.js
FN:6,(anonymous_0)
FNF:1
FNH:1
FNDA:3,(anonymous_0)
DA:6,1
DA:7,3
DA:8,3
DA:10,3
DA:11,11
DA:12,11
DA:13,11
DA:14,4
DA:16,7
DA:18,11
DA:21,3
DA:22,1
DA:24,3
DA:27,1
LF:14
LH:14
BRDA:13,0,0,4
BRDA:13,0,1,7
BRDA:21,1,0,1
BRDA:21,1,1,2
BRF:4
BRH:4
end_of_record
TN:
SF:/Users/xuedongwang/project/leetcode/src/quickSort/index.js
FN:6,(anonymous_0)
FN:16,partition
FN:28,swap
FNF:3
FNH:3
FNDA:19,(anonymous_0)
FNDA:8,partition
FNDA:16,swap
DA:6,1
DA:7,19
DA:8,11
DA:10,8
DA:11,8
DA:12,8
DA:13,8
DA:17,8
DA:18,8
DA:19,8
DA:20,24
DA:21,16
DA:22,16
DA:25,8
DA:29,16
DA:30,16
DA:31,16
DA:34,1
LF:18
LH:18
BRDA:6,0,0,3
BRDA:6,1,0,3
BRDA:7,2,0,11
BRDA:7,2,1,8
BRDA:20,3,0,16
BRDA:20,3,1,8
BRF:6
BRH:6
end_of_record
TN:
SF:/Users/xuedongwang/project/leetcode/src/removeDuplicates/index.js
FN:6,(anonymous_0)
FNF:1
FNH:1
FNDA:1,(anonymous_0)
DA:6,1
DA:7,1
DA:8,1
DA:9,6
DA:10,2
DA:12,4
DA:15,1
DA:18,1
LF:8
LH:8
BRDA:9,0,0,2
BRDA:9,0,1,4
BRDA:9,1,0,6
BRDA:9,1,1,4
BRF:4
BRH:4
end_of_record
TN:
SF:/Users/xuedongwang/project/leetcode/src/removeElements/index.js
FN:6,(anonymous_0)
FNF:1
FNH:1
FNDA:7,(anonymous_0)
DA:6,1
DA:7,7
DA:8,1
DA:10,6
DA:11,6
DA:14,1
LF:6
LH:6
BRDA:7,0,0,1
BRDA:7,0,1,6
BRDA:11,1,0,3
BRDA:11,1,1,3
BRF:4
BRH:4
end_of_record
TN:
SF:/Users/xuedongwang/project/leetcode/src/removeOuterParentheses/index.js
FN:6,(anonymous_0)
FNF:1
FNH:1
FNDA:3,(anonymous_0)
DA:6,1
DA:7,3
DA:8,3
DA:9,3
DA:10,32
DA:11,9
DA:13,32
DA:14,9
DA:17,3
DA:20,1
LF:10
LH:10
BRDA:10,0,0,9
BRDA:10,0,1,23
BRDA:10,1,0,32
BRDA:10,1,1,16
BRDA:13,2,0,9
BRDA:13,2,1,23
BRDA:13,3,0,32
BRDA:13,3,1,16
BRF:8
BRH:8
end_of_record
TN:
SF:/Users/xuedongwang/project/leetcode/src/reverseInteger/index.js
FN:6,(anonymous_0)
FNF:1
FNH:1
FNDA:8,(anonymous_0)
DA:6,1
DA:7,8
DA:8,8
DA:9,8
DA:10,8
DA:11,56
DA:12,56
DA:15,56
DA:16,2
DA:19,54
DA:20,1
DA:23,53
DA:26,5
DA:29,1
LF:14
LH:14
BRDA:15,0,0,2
BRDA:15,0,1,54
BRDA:15,1,0,56
BRDA:15,1,1,55
BRDA:15,1,2,2
BRDA:19,2,0,1
BRDA:19,2,1,53
BRDA:19,3,0,54
BRDA:19,3,1,54
BRDA:19,3,2,2
BRF:10
BRH:10
end_of_record
TN:
SF:/Users/xuedongwang/project/leetcode/src/reverseLeftWords/index.js
FN:6,(anonymous_0)
FNF:1
FNH:1
FNDA:2,(anonymous_0)
DA:6,1
DA:7,2
DA:8,2
DA:9,2
DA:10,17
DA:11,9
DA:13,8
DA:16,2
DA:19,1
LF:9
LH:9
BRDA:10,0,0,9
BRDA:10,0,1,8
BRF:2
BRH:2
end_of_record
TN:
SF:/Users/xuedongwang/project/leetcode/src/rotate/index.js
FN:6,(anonymous_0)
FNF:1
FNH:1
FNDA:2,(anonymous_0)
DA:6,1
DA:7,2
DA:8,5
DA:9,5
DA:10,5
DA:11,24
DA:13,5
DA:15,2
DA:18,1
LF:9
LH:9
BRF:0
BRH:0
end_of_record
TN:
SF:/Users/xuedongwang/project/leetcode/src/runningSum/index.js
FN:6,(anonymous_0)
FN:8,(anonymous_1)
FNF:2
FNH:2
FNDA:1,(anonymous_0)
FNDA:4,(anonymous_1)
DA:6,1
DA:7,1
DA:8,1
DA:9,4
DA:10,4
DA:11,4
DA:13,1
DA:16,1
LF:8
LH:8
BRF:0
BRH:0
end_of_record
TN:
SF:/Users/xuedongwang/project/leetcode/src/selectSort/index.js
FN:6,swap
FN:12,(anonymous_1)
FNF:2
FNH:2
FNDA:1,swap
FNDA:2,(anonymous_1)
DA:7,1
DA:8,1
DA:9,1
DA:12,1
DA:13,2
DA:14,4
DA:15,4
DA:16,6
DA:17,2
DA:20,4
DA:21,1
DA:24,2
DA:27,1
LF:13
LH:13
BRDA:16,0,0,2
BRDA:16,0,1,4
BRDA:20,1,0,1
BRDA:20,1,1,3
BRF:4
BRH:4
end_of_record
TN:
SF:/Users/xuedongwang/project/leetcode/src/shuffle/index.js
FN:6,(anonymous_0)
FNF:1
FNH:1
FNDA:3,(anonymous_0)
DA:6,1
DA:7,3
DA:8,3
DA:9,9
DA:10,9
DA:12,3
DA:15,1
LF:7
LH:7
BRF:0
BRH:0
end_of_record
TN:
SF:/Users/xuedongwang/project/leetcode/src/singleNumber/index.js
FN:6,(anonymous_0)
FN:7,(anonymous_1)
FNF:2
FNH:2
FNDA:2,(anonymous_0)
FNDA:8,(anonymous_1)
DA:6,1
DA:7,2
DA:8,8
DA:38,1
LF:4
LH:4
BRF:0
BRH:0
end_of_record
TN:
SF:/Users/xuedongwang/project/leetcode/src/swapNumbers/index.js
FN:6,(anonymous_0)
FNF:1
FNH:1
FNDA:2,(anonymous_0)
DA:6,1
DA:7,2
DA:8,2
DA:9,2
DA:10,2
DA:13,1
LF:6
LH:6
BRF:0
BRH:0
end_of_record
TN:
SF:/Users/xuedongwang/project/leetcode/src/thirdMax/index.js
FN:6,(anonymous_0)
FN:10,(anonymous_1)
FNF:2
FNH:2
FNDA:3,(anonymous_0)
FNDA:9,(anonymous_1)
DA:6,1
DA:7,3
DA:8,3
DA:9,3
DA:10,3
DA:11,9
DA:12,5
DA:13,5
DA:14,5
DA:15,4
DA:16,1
DA:17,1
DA:18,3
DA:19,2
DA:22,3
DA:25,1
LF:16
LH:16
BRDA:11,0,0,5
BRDA:11,0,1,4
BRDA:15,1,0,1
BRDA:15,1,1,3
BRDA:15,2,0,4
BRDA:15,2,1,2
BRDA:18,3,0,2
BRDA:18,3,1,1
BRDA:18,4,0,3
BRDA:18,4,1,3
BRDA:22,5,0,1
BRDA:22,5,1,2
BRF:12
BRH:12
end_of_record
TN:
SF:/Users/xuedongwang/project/leetcode/src/twoSum/index.js
FN:6,(anonymous_0)
FNF:1
FNH:1
FNDA:1,(anonymous_0)
DA:6,1
DA:7,1
DA:8,1
DA:9,2
DA:10,2
DA:11,1
DA:13,1
DA:17,1
LF:8
LH:8
BRDA:10,0,0,1
BRDA:10,0,1,1
BRF:2
BRH:2
end_of_record
TN:
SF:/Users/xuedongwang/project/leetcode/src/xorOperation/index.js
FN:6,(anonymous_0)
FNF:1
FNH:1
FNDA:4,(anonymous_0)
DA:6,1
DA:7,4
DA:8,4
DA:9,20
DA:10,20
DA:12,4
DA:15,1
LF:7
LH:7
BRF:0
BRH:0
end_of_record
