TN:
SF:/Users/xuedongwang/project/leetcode/src/addBinary/index.js
FN:6,(anonymous_0)
FNF:1
FNH:1
FNDA:7,(anonymous_0)
DA:6,1
DA:7,7
DA:8,7
DA:9,7
DA:10,7
DA:11,7
DA:12,12
DA:13,12
DA:14,12
DA:15,11
DA:16,11
DA:18,12
DA:19,11
DA:20,11
DA:22,12
DA:23,12
DA:24,9
DA:25,9
DA:27,3
DA:30,12
DA:32,7
DA:33,4
DA:35,7
DA:38,1
LF:24
LH:24
BRDA:11,0,0,19
BRDA:11,0,1,8
BRDA:14,1,0,11
BRDA:14,1,1,1
BRDA:18,2,0,11
BRDA:18,2,1,1
BRDA:23,3,0,9
BRDA:23,3,1,3
BRDA:32,4,0,4
BRDA:32,4,1,3
BRF:10
BRH:10
end_of_record
